<?xml version="1.0" encoding="UTF-8"?>
<testng-results skipped="0" failed="0" total="1" passed="1">
  <reporter-output>
    <line>
      <![CDATA[From TestNG Test!!!!]]>
    </line>
  </reporter-output>
  <suite name="Suite" duration-ms="56" started-at="2019-10-15T04:27:53Z" finished-at="2019-10-15T04:27:53Z">
    <groups>
    </groups>
    <test name="Test" duration-ms="56" started-at="2019-10-15T04:27:53Z" finished-at="2019-10-15T04:27:53Z">
      <class name="com.org.learningMaven.testngClass">
        <test-method status="PASS" signature="testTestNG()[pri:0, instance:com.org.learningMaven.testngClass@6ea12c19]" name="testTestNG" duration-ms="22" started-at="2019-10-15T09:57:53Z" finished-at="2019-10-15T09:57:53Z">
          <reporter-output>
            <line>
              <![CDATA[From TestNG Test!!!!]]>
            </line>
          </reporter-output>
        </test-method> <!-- testTestNG -->
      </class> <!-- com.org.learningMaven.testngClass -->
    </test> <!-- Test -->
  </suite> <!-- Suite -->
</testng-results>
